[2018-06-14 09:21:40]	ERROR	###### VSFTPD log Analyzer started ######
[2018-06-14 09:21:40]	LOG 	A valid option for logging threshold was found in the configfile!
[2018-06-14 09:21:40]	DEBUG	loggingThreshold set to: 5
[2018-06-14 09:21:40]	INFO	initLogFile method is called
[2018-06-14 09:21:40]	LOG 	A valid option for log file was found in the configfile!
[2018-06-14 09:21:40]	DEBUG	logFile set to: D:/Librarys/intelliJ-workspace/TICT-V1IPASS-15/main/main.log
[2018-06-14 09:21:40]	INFO	initInputFile method is called
[2018-06-14 09:21:40]	LOG 	A valid option for input file was found in the configfile!
[2018-06-14 09:21:40]	DEBUG	inputFile set to: D:/Librarys/intelliJ-workspace/TICT-V1IPASS-15/main/input/vsftpd.log
[2018-06-14 09:21:40]	INFO	initLogConsole method is called
[2018-06-14 09:21:40]	LOG 	A valid option for logging target was found in the config file!
[2018-06-14 09:21:40]	DEBUG	logConsole set to: False
[2018-06-14 09:21:40]	INFO	initInteractive method is called
[2018-06-14 09:21:40]	LOG 	Entering interactive execution mode
[2018-06-14 09:21:40]	DEBUG	interactive was set to True
[2018-06-14 09:21:40]	LOG 	Application will start in Interactive mode
[2018-06-14 09:21:40]	INFO	initInteractive function was called
[2018-06-14 09:21:40]	INFO	fileSelector init method was called
[2018-06-14 09:21:43]	INFO	fileSelector OK method was called
[2018-06-14 09:21:43]	INFO	analyseLogfile was called
[2018-06-14 09:21:45]	INFO	Application init method was called
[2018-06-14 09:21:45]	INFO	Menu init method was called
[2018-06-14 09:21:45]	INFO	treeviewFiles init method was called
[2018-06-14 09:21:45]	INFO	treeviewFiles init method was called
[2018-06-14 09:21:45]	INFO	userOverview init method was called
[2018-06-14 09:21:46]	INFO	Application viewDownloaddeFiles method was called
[2018-06-14 09:21:46]	INFO	Application empytyScreen method was called
[2018-06-14 09:21:51]	INFO	Application viewNonExistingFiles method was called
[2018-06-14 09:21:51]	INFO	Application empytyScreen method was called
[2018-06-14 09:21:55]	INFO	Application viewUserOverview method was called
[2018-06-14 09:21:55]	INFO	Application empytyScreen method was called
